<?xml version="1.0" encoding="UTF-8"?>
<!-- Generated by org.testng.reporters.JUnitReportReporter -->
<testsuite hostname="LAPTOP-TCIABFM5" failures="0" tests="1" name="Testcase.MMBFlightResultmethod" time="14.629" errors="0" timestamp="2024-10-22T18:52:03 IST" skipped="0">
  <testcase classname="Testcase.MMBFlightResultmethod" name="Flightresult" time="14.629"/>
</testsuite> <!-- Testcase.MMBFlightResultmethod -->
