<?xml version="1.0" encoding="UTF-8"?>
<!-- Generated by org.testng.reporters.JUnitReportReporter -->
<testsuite hostname="LAPTOP-TCIABFM5" failures="0" tests="1" name="Testcase.MMBFlowmethod" time="1.383" errors="0" timestamp="2024-10-22T18:52:03 IST" skipped="0">
  <testcase classname="Testcase.MMBFlowmethod" name="selectAEBookingmethod" time="1.383"/>
</testsuite> <!-- Testcase.MMBFlowmethod -->
