<?xml version="1.0" encoding="UTF-8"?>
<!-- Generated by org.testng.reporters.JUnitReportReporter -->
<testsuite hostname="LAPTOP-TCIABFM5" failures="0" tests="1" name="Testcase.MMBChangeFlightAddonmethod" time="44.432" errors="0" timestamp="2024-10-23T12:58:42 IST" skipped="0">
  <testcase classname="Testcase.MMBChangeFlightAddonmethod" name="ChangeAddonpage" time="44.432"/>
</testsuite> <!-- Testcase.MMBChangeFlightAddonmethod -->
