<?xml version="1.0" encoding="UTF-8"?>
<!-- Generated by org.testng.reporters.JUnitReportReporter -->
<testsuite hostname="LAPTOP-TCIABFM5" failures="0" tests="1" name="Testcase.MMBFlowmethod" time="0.155" errors="0" timestamp="2024-10-21T13:05:36 IST" skipped="0">
  <testcase classname="Testcase.MMBFlowmethod" name="selectAEBookingmethod" time="0.155"/>
</testsuite> <!-- Testcase.MMBFlowmethod -->
