<?xml version="1.0" encoding="UTF-8"?>
<!-- Generated by org.testng.reporters.JUnitReportReporter -->
<testsuite hostname="LAPTOP-TCIABFM5" failures="0" tests="1" name="Testcase.MMBPaymentmethod" time="135.144" errors="0" timestamp="2024-10-23T18:05:15 IST" skipped="0">
  <testcase classname="Testcase.MMBPaymentmethod" name="getPayment" time="135.144"/>
</testsuite> <!-- Testcase.MMBPaymentmethod -->
