<?xml version="1.0" encoding="UTF-8"?>
<!-- Generated by org.testng.reporters.JUnitReportReporter -->
<testsuite hostname="LAPTOP-TCIABFM5" failures="0" tests="1" name="Testcase.MMBLogin" time="11.999" errors="0" timestamp="2024-10-22T18:52:03 IST" skipped="0">
  <testcase classname="Testcase.MMBLogin" name="ManageBooking" time="11.999"/>
</testsuite> <!-- Testcase.MMBLogin -->
