<?xml version="1.0" encoding="UTF-8"?>
<!-- Generated by org.testng.reporters.JUnitReportReporter -->
<testsuite hostname="LAPTOP-TCIABFM5" failures="0" tests="1" name="Testcase.MMBChangeFlightAddonmethod" time="41.864" errors="0" timestamp="2024-10-22T18:52:03 IST" skipped="0">
  <testcase classname="Testcase.MMBChangeFlightAddonmethod" name="ChangeAddonpage" time="41.864"/>
</testsuite> <!-- Testcase.MMBChangeFlightAddonmethod -->
