<?xml version="1.0" encoding="UTF-8"?>
<!-- Generated by org.testng.reporters.JUnitReportReporter -->
<testsuite hostname="LAPTOP-TCIABFM5" failures="0" tests="1" name="Testcase.MMBItinerarymethod" time="0.279" errors="0" timestamp="2024-10-23T12:58:42 IST" skipped="0">
  <testcase classname="Testcase.MMBItinerarymethod" name="VerifyItinerary" time="0.279"/>
</testsuite> <!-- Testcase.MMBItinerarymethod -->
