<?xml version="1.0" encoding="UTF-8"?>
<!-- Generated by org.testng.reporters.JUnitReportReporter -->
<testsuite hostname="LAPTOP-TCIABFM5" failures="0" tests="1" name="Testcase.MMBChangeDateSelectionmethod" time="1.345" errors="0" timestamp="2024-10-23T18:05:15 IST" skipped="0">
  <testcase classname="Testcase.MMBChangeDateSelectionmethod" name="selectAEBookingmethod" time="1.345"/>
</testsuite> <!-- Testcase.MMBChangeDateSelectionmethod -->
